10:49:14.485 [main] INFO  testCases.TC_001_AccountRegistrationTest - clicked on continue...
10:49:14.529 [main] INFO  testCases.TC_001_AccountRegistrationTest - Validating expected message..
10:49:14.530 [main] ERROR testCases.TC_001_AccountRegistrationTest - test failed....
10:49:17.191 [main] INFO  testCases.TC_002_LoginTest - ***** Starting TC_002_LoginTest ****
10:49:17.191 [main] DEBUG testCases.TC_002_LoginTest - capturing application debug logs.....
10:49:17.695 [main] INFO  testCases.TC_002_LoginTest - clicked on my account link on the home page
10:49:18.146 [main] INFO  testCases.TC_002_LoginTest - clicked on login link under myaccount....
10:49:18.149 [main] INFO  testCases.TC_002_LoginTest - Entering valid email and password
10:49:18.630 [main] INFO  testCases.TC_002_LoginTest - clicked on login button....
10:49:18.697 [main] INFO  testCases.TC_002_LoginTest - Login test passed
10:49:18.697 [main] INFO  testCases.TC_002_LoginTest - ***** Finished TC_002_LoginTest ****
10:50:12.733 [main] DEBUG org.testng.TestNG - suiteXmlPath: "C:\Users\jaber\eclipse-workspace\opencart\grouping.xml"
10:50:13.150 [main] INFO  org.testng.internal.Utils - [TestNG] Running:
  C:\Users\jaber\eclipse-workspace\opencart\grouping.xml

10:50:16.264 [main] INFO  testCases.TC_001_AccountRegistrationTest - starting TC_001_AccountRegistrationTest ****** 
10:50:16.264 [main] DEBUG testCases.TC_001_AccountRegistrationTest - application logs started.....
10:50:16.507 [main] INFO  testCases.TC_001_AccountRegistrationTest - Clicked on my account link 
10:50:16.862 [main] INFO  testCases.TC_001_AccountRegistrationTest - Clicked on my registiration info link 
10:50:16.863 [main] INFO  testCases.TC_001_AccountRegistrationTest - Entering customer details
10:50:19.845 [main] INFO  testCases.TC_001_AccountRegistrationTest - clicked on continue...
10:50:19.879 [main] INFO  testCases.TC_001_AccountRegistrationTest - Validating expected message..
10:50:19.879 [main] ERROR testCases.TC_001_AccountRegistrationTest - test failed....
10:50:22.415 [main] INFO  testCases.TC_002_LoginTest - ***** Starting TC_002_LoginTest ****
10:50:22.416 [main] DEBUG testCases.TC_002_LoginTest - capturing application debug logs.....
10:50:22.941 [main] INFO  testCases.TC_002_LoginTest - clicked on my account link on the home page
10:50:23.275 [main] INFO  testCases.TC_002_LoginTest - clicked on login link under myaccount....
10:50:23.277 [main] INFO  testCases.TC_002_LoginTest - Entering valid email and password
10:50:23.824 [main] INFO  testCases.TC_002_LoginTest - clicked on login button....
10:50:23.864 [main] INFO  testCases.TC_002_LoginTest - Login test passed
10:50:23.864 [main] INFO  testCases.TC_002_LoginTest - ***** Finished TC_002_LoginTest ****
11:00:13.122 [main] DEBUG org.testng.TestNG - suiteXmlPath: "C:\Users\jaber\eclipse-workspace\opencart\grouping.xml"
11:00:13.603 [main] INFO  org.testng.internal.Utils - [TestNG] Running:
  C:\Users\jaber\eclipse-workspace\opencart\grouping.xml

11:00:17.715 [main] INFO  testCases.TC_001_AccountRegistrationTest - starting TC_001_AccountRegistrationTest ****** 
11:00:17.716 [main] DEBUG testCases.TC_001_AccountRegistrationTest - application logs started.....
11:00:18.261 [main] INFO  testCases.TC_001_AccountRegistrationTest - Clicked on my account link 
11:00:18.663 [main] INFO  testCases.TC_001_AccountRegistrationTest - Clicked on my registiration info link 
11:00:18.663 [main] INFO  testCases.TC_001_AccountRegistrationTest - Entering customer details
11:00:21.716 [main] INFO  testCases.TC_001_AccountRegistrationTest - clicked on continue...
11:00:21.757 [main] INFO  testCases.TC_001_AccountRegistrationTest - Validating expected message..
11:00:21.757 [main] ERROR testCases.TC_001_AccountRegistrationTest - test failed....
11:00:24.351 [main] INFO  testCases.TC_002_LoginTest - ***** Starting TC_002_LoginTest ****
11:00:24.351 [main] DEBUG testCases.TC_002_LoginTest - capturing application debug logs.....
11:00:24.836 [main] INFO  testCases.TC_002_LoginTest - clicked on my account link on the home page
11:00:25.155 [main] INFO  testCases.TC_002_LoginTest - clicked on login link under myaccount....
11:00:25.157 [main] INFO  testCases.TC_002_LoginTest - Entering valid email and password
11:00:25.651 [main] INFO  testCases.TC_002_LoginTest - clicked on login button....
11:00:35.718 [main] ERROR testCases.TC_002_LoginTest - Login test failed
11:02:20.007 [main] DEBUG org.testng.TestNG - suiteXmlPath: "C:\Users\jaber\eclipse-workspace\opencart\test-output\testng-failed.xml"
11:02:20.423 [main] INFO  org.testng.internal.Utils - [TestNG] Running:
  C:\Users\jaber\eclipse-workspace\opencart\test-output\testng-failed.xml

11:02:23.568 [main] INFO  testCases.TC_002_LoginTest - ***** Starting TC_002_LoginTest ****
11:02:23.569 [main] DEBUG testCases.TC_002_LoginTest - capturing application debug logs.....
11:02:24.063 [main] INFO  testCases.TC_002_LoginTest - clicked on my account link on the home page
