12:09:26.138 [main] ERROR testCases.TC_001_AccountRegistrationTest - test failed..
12:09:26.144 [main] DEBUG testCases.TC_001_AccountRegistrationTest - debug logs....
12:11:24.709 [main] DEBUG org.testng.TestNG - suiteXmlPath: "C:\Users\jaber\eclipse-workspace\opencart\crossbrowsertests.xml"
12:11:25.106 [main] INFO  org.testng.internal.Utils - [TestNG] Running:
  C:\Users\jaber\eclipse-workspace\opencart\crossbrowsertests.xml

12:11:28.444 [main] INFO  testCases.TC_001_AccountRegistrationTest - starting TC_001_AccountRegistrationTest ****** 
12:11:28.444 [main] DEBUG testCases.TC_001_AccountRegistrationTest - application logs started.....
12:11:28.538 [main] INFO  testCases.TC_001_AccountRegistrationTest - Clicked on my account link 
12:11:28.949 [main] INFO  testCases.TC_001_AccountRegistrationTest - Clicked on my registiration info link 
12:11:28.949 [main] INFO  testCases.TC_001_AccountRegistrationTest - Entering customer details
12:11:31.894 [main] INFO  testCases.TC_001_AccountRegistrationTest - clicked on continue...
12:11:31.930 [main] INFO  testCases.TC_001_AccountRegistrationTest - Validating expected message..
12:11:31.930 [main] INFO  testCases.TC_001_AccountRegistrationTest - test passed....
12:11:31.932 [main] DEBUG testCases.TC_001_AccountRegistrationTest - application logs end.....
12:11:31.932 [main] INFO  testCases.TC_001_AccountRegistrationTest - Finished TC_001_AccountRegistrationTest ****** 
12:11:36.042 [main] INFO  testCases.TC_001_AccountRegistrationTest - starting TC_001_AccountRegistrationTest ****** 
12:11:36.043 [main] DEBUG testCases.TC_001_AccountRegistrationTest - application logs started.....
12:11:36.118 [main] INFO  testCases.TC_001_AccountRegistrationTest - Clicked on my account link 
12:11:36.597 [main] INFO  testCases.TC_001_AccountRegistrationTest - Clicked on my registiration info link 
12:11:36.598 [main] INFO  testCases.TC_001_AccountRegistrationTest - Entering customer details
12:11:39.597 [main] INFO  testCases.TC_001_AccountRegistrationTest - clicked on continue...
12:11:39.634 [main] INFO  testCases.TC_001_AccountRegistrationTest - Validating expected message..
12:11:39.634 [main] INFO  testCases.TC_001_AccountRegistrationTest - test passed....
12:11:39.634 [main] DEBUG testCases.TC_001_AccountRegistrationTest - application logs end.....
12:11:39.634 [main] INFO  testCases.TC_001_AccountRegistrationTest - Finished TC_001_AccountRegistrationTest ****** 
12:12:29.040 [main] DEBUG org.testng.TestNG - suiteXmlPath: "C:\Users\jaber\eclipse-workspace\opencart\crossbrowsertests.xml"
12:12:29.411 [main] INFO  org.testng.internal.Utils - [TestNG] Running:
  C:\Users\jaber\eclipse-workspace\opencart\crossbrowsertests.xml

12:12:32.100 [TestNG-tests-1] INFO  testCases.TC_001_AccountRegistrationTest - starting TC_001_AccountRegistrationTest ****** 
12:12:32.100 [TestNG-tests-1] DEBUG testCases.TC_001_AccountRegistrationTest - application logs started.....
12:12:32.706 [TestNG-tests-1] INFO  testCases.TC_001_AccountRegistrationTest - Clicked on my account link 
12:12:33.376 [TestNG-tests-1] INFO  testCases.TC_001_AccountRegistrationTest - Clicked on my registiration info link 
12:12:33.377 [TestNG-tests-1] INFO  testCases.TC_001_AccountRegistrationTest - Entering customer details
12:12:34.145 [TestNG-tests-2] INFO  testCases.TC_001_AccountRegistrationTest - starting TC_001_AccountRegistrationTest ****** 
12:12:34.146 [TestNG-tests-2] DEBUG testCases.TC_001_AccountRegistrationTest - application logs started.....
12:12:34.218 [TestNG-tests-2] INFO  testCases.TC_001_AccountRegistrationTest - Clicked on my account link 
12:12:34.571 [TestNG-tests-2] INFO  testCases.TC_001_AccountRegistrationTest - Clicked on my registiration info link 
12:12:34.571 [TestNG-tests-2] INFO  testCases.TC_001_AccountRegistrationTest - Entering customer details
12:12:36.513 [TestNG-tests-1] INFO  testCases.TC_001_AccountRegistrationTest - clicked on continue...
12:12:36.549 [TestNG-tests-1] INFO  testCases.TC_001_AccountRegistrationTest - Validating expected message..
12:12:36.550 [TestNG-tests-1] INFO  testCases.TC_001_AccountRegistrationTest - test passed....
12:12:36.552 [TestNG-tests-1] DEBUG testCases.TC_001_AccountRegistrationTest - application logs end.....
12:12:36.552 [TestNG-tests-1] INFO  testCases.TC_001_AccountRegistrationTest - Finished TC_001_AccountRegistrationTest ****** 
12:12:37.593 [TestNG-tests-2] INFO  testCases.TC_001_AccountRegistrationTest - clicked on continue...
12:12:37.631 [TestNG-tests-2] INFO  testCases.TC_001_AccountRegistrationTest - Validating expected message..
12:12:37.632 [TestNG-tests-2] INFO  testCases.TC_001_AccountRegistrationTest - test passed....
12:12:37.632 [TestNG-tests-2] DEBUG testCases.TC_001_AccountRegistrationTest - application logs end.....
12:12:37.632 [TestNG-tests-2] INFO  testCases.TC_001_AccountRegistrationTest - Finished TC_001_AccountRegistrationTest ****** 
12:29:58.735 [main] DEBUG org.testng.TestNG - suiteXmlPath: "C:\Users\jaber\eclipse-workspace\opencart\testng.xml"
